<?xml version="1.0" encoding="UTF-8"?>
<testng-results ignored="0" total="10" passed="10" failed="0" skipped="0">
  <reporter-output>
  </reporter-output>
  <suite started-at="2025-05-21T12:09:27 PKT" name="Default Suite" finished-at="2025-05-21T12:09:49 PKT" duration-ms="22095">
    <groups>
    </groups>
    <test started-at="2025-05-21T12:09:27 PKT" name="API_AutomationUsingSelenium" finished-at="2025-05-21T12:09:49 PKT" duration-ms="22095">
      <class name="APITests">
        <test-method signature="FirstAPITest()[pri:0, instance:APITests@548a102f]" started-at="2025-05-21T12:09:27 PKT" name="FirstAPITest" finished-at="2025-05-21T12:09:32 PKT" duration-ms="5084" status="PASS">
          <reporter-output>
          </reporter-output>
        </test-method> <!-- FirstAPITest -->
        <test-method signature="SecondAPITest()[pri:0, instance:APITests@548a102f]" started-at="2025-05-21T12:09:32 PKT" name="SecondAPITest" finished-at="2025-05-21T12:09:33 PKT" duration-ms="918" status="PASS">
          <reporter-output>
          </reporter-output>
        </test-method> <!-- SecondAPITest -->
        <test-method signature="ValidateEmail()[pri:0, instance:APITests@548a102f]" started-at="2025-05-21T12:09:33 PKT" name="ValidateEmail" finished-at="2025-05-21T12:09:35 PKT" duration-ms="2031" status="PASS">
          <reporter-output>
          </reporter-output>
        </test-method> <!-- ValidateEmail -->
        <test-method signature="ValidateEmailFromList()[pri:0, instance:APITests@548a102f]" started-at="2025-05-21T12:09:35 PKT" name="ValidateEmailFromList" finished-at="2025-05-21T12:09:37 PKT" duration-ms="1244" status="PASS">
          <reporter-output>
          </reporter-output>
        </test-method> <!-- ValidateEmailFromList -->
        <test-method signature="createUser()[pri:0, instance:APITests@548a102f]" started-at="2025-05-21T12:09:37 PKT" name="createUser" finished-at="2025-05-21T12:09:43 PKT" duration-ms="6474" status="PASS">
          <reporter-output>
          </reporter-output>
        </test-method> <!-- createUser -->
        <test-method signature="deleteUser()[pri:0, instance:APITests@548a102f]" started-at="2025-05-21T12:09:43 PKT" name="deleteUser" finished-at="2025-05-21T12:09:44 PKT" duration-ms="1208" status="PASS">
          <reporter-output>
          </reporter-output>
        </test-method> <!-- deleteUser -->
        <test-method signature="saveResponseToFile()[pri:0, instance:APITests@548a102f]" started-at="2025-05-21T12:09:44 PKT" name="saveResponseToFile" finished-at="2025-05-21T12:09:45 PKT" duration-ms="979" status="PASS">
          <reporter-output>
          </reporter-output>
        </test-method> <!-- saveResponseToFile -->
        <test-method signature="updateUser()[pri:0, instance:APITests@548a102f]" started-at="2025-05-21T12:09:45 PKT" name="updateUser" finished-at="2025-05-21T12:09:47 PKT" duration-ms="1597" status="PASS">
          <reporter-output>
          </reporter-output>
        </test-method> <!-- updateUser -->
        <test-method signature="validateHeaders()[pri:0, instance:APITests@548a102f]" started-at="2025-05-21T12:09:47 PKT" name="validateHeaders" finished-at="2025-05-21T12:09:48 PKT" duration-ms="1050" status="PASS">
          <reporter-output>
          </reporter-output>
        </test-method> <!-- validateHeaders -->
        <test-method signature="validatePerformance()[pri:0, instance:APITests@548a102f]" started-at="2025-05-21T12:09:48 PKT" name="validatePerformance" finished-at="2025-05-21T12:09:49 PKT" duration-ms="1339" status="PASS">
          <reporter-output>
          </reporter-output>
        </test-method> <!-- validatePerformance -->
      </class> <!-- APITests -->
    </test> <!-- API_AutomationUsingSelenium -->
  </suite> <!-- Default Suite -->
</testng-results>
